{"/home/gustavo/Documentos/Projects/gofinances/gofinances/src/components/Form/Button/index.tsx": {"path":"/home/gustavo/Documentos/Projects/gofinances/gofinances/src/components/Form/Button/index.tsx","statementMap":{"0":{"start":{"line":10,"column":2},"end":{"line":14,"column":3}}},"fnMap":{"0":{"name":"Button","decl":{"start":{"line":9,"column":16},"end":{"line":9,"column":22}},"loc":{"start":{"line":9,"column":50},"end":{"line":15,"column":1}},"line":9}},"branchMap":{},"s":{"0":3},"f":{"0":3},"b":{},"_coverageSchema":"1a1c01bbd47fc00a2c39e90264f33305004495a9","hash":"b5d53423f67ddf00002da56cfbfef75449012563"}
,"/home/gustavo/Documentos/Projects/gofinances/gofinances/src/components/Form/CategorySelectButton/index.tsx": {"path":"/home/gustavo/Documentos/Projects/gofinances/gofinances/src/components/Form/CategorySelectButton/index.tsx","statementMap":{"0":{"start":{"line":20,"column":2},"end":{"line":28,"column":3}}},"fnMap":{"0":{"name":"CategorySelectButton","decl":{"start":{"line":19,"column":16},"end":{"line":19,"column":36}},"loc":{"start":{"line":19,"column":79},"end":{"line":29,"column":1}},"line":19}},"branchMap":{"0":{"loc":{"start":{"line":23,"column":9},"end":{"line":23,"column":44}},"type":"binary-expr","locations":[{"start":{"line":23,"column":9},"end":{"line":23,"column":13}},{"start":{"line":23,"column":17},"end":{"line":23,"column":44}}],"line":23}},"s":{"0":2},"f":{"0":2},"b":{"0":[2,2]},"_coverageSchema":"1a1c01bbd47fc00a2c39e90264f33305004495a9","hash":"0725e0bcbd77dfd1b9fc300eb3ede6562d32b874"}
,"/home/gustavo/Documentos/Projects/gofinances/gofinances/src/components/Form/Input/index.tsx": {"path":"/home/gustavo/Documentos/Projects/gofinances/gofinances/src/components/Form/Input/index.tsx","statementMap":{"0":{"start":{"line":10,"column":2},"end":{"line":10,"column":48}}},"fnMap":{"0":{"name":"Input","decl":{"start":{"line":9,"column":16},"end":{"line":9,"column":21}},"loc":{"start":{"line":9,"column":58},"end":{"line":11,"column":1}},"line":9}},"branchMap":{"0":{"loc":{"start":{"line":9,"column":24},"end":{"line":9,"column":38}},"type":"default-arg","locations":[{"start":{"line":9,"column":33},"end":{"line":9,"column":38}}],"line":9}},"s":{"0":6},"f":{"0":6},"b":{"0":[5]},"_coverageSchema":"1a1c01bbd47fc00a2c39e90264f33305004495a9","hash":"db0eb4f28a727b46f1ff8094854208f9231bbe70"}
,"/home/gustavo/Documentos/Projects/gofinances/gofinances/src/components/Form/InputForm/index.tsx": {"path":"/home/gustavo/Documentos/Projects/gofinances/gofinances/src/components/Form/InputForm/index.tsx","statementMap":{"0":{"start":{"line":14,"column":2},"end":{"line":25,"column":3}},"1":{"start":{"line":19,"column":10},"end":{"line":19,"column":67}}},"fnMap":{"0":{"name":"InputForm","decl":{"start":{"line":13,"column":16},"end":{"line":13,"column":25}},"loc":{"start":{"line":13,"column":68},"end":{"line":26,"column":1}},"line":13},"1":{"name":"(anonymous_1)","decl":{"start":{"line":18,"column":16},"end":{"line":18,"column":17}},"loc":{"start":{"line":19,"column":10},"end":{"line":19,"column":67}},"line":19}},"branchMap":{"0":{"loc":{"start":{"line":23,"column":7},"end":{"line":23,"column":38}},"type":"binary-expr","locations":[{"start":{"line":23,"column":7},"end":{"line":23,"column":12}},{"start":{"line":23,"column":16},"end":{"line":23,"column":38}}],"line":23}},"s":{"0":4,"1":4},"f":{"0":4,"1":4},"b":{"0":[4,0]},"_coverageSchema":"1a1c01bbd47fc00a2c39e90264f33305004495a9","hash":"d6f5cfc5f3fca72d25eb241e65e999dcfa6e5733"}
,"/home/gustavo/Documentos/Projects/gofinances/gofinances/src/components/Form/TransactionTypeButton/index.tsx": {"path":"/home/gustavo/Documentos/Projects/gofinances/gofinances/src/components/Form/TransactionTypeButton/index.tsx","statementMap":{"0":{"start":{"line":5,"column":14},"end":{"line":8,"column":1}},"1":{"start":{"line":22,"column":2},"end":{"line":29,"column":3}}},"fnMap":{"0":{"name":"TransactionTypeButton","decl":{"start":{"line":16,"column":16},"end":{"line":16,"column":37}},"loc":{"start":{"line":21,"column":10},"end":{"line":30,"column":1}},"line":21}},"branchMap":{},"s":{"0":1,"1":4},"f":{"0":4},"b":{},"_coverageSchema":"1a1c01bbd47fc00a2c39e90264f33305004495a9","hash":"477ff0f3acf505511db1dbd4966813b356136afb"}
,"/home/gustavo/Documentos/Projects/gofinances/gofinances/src/components/Header/index.tsx": {"path":"/home/gustavo/Documentos/Projects/gofinances/gofinances/src/components/Header/index.tsx","statementMap":{"0":{"start":{"line":11,"column":2},"end":{"line":15,"column":4}}},"fnMap":{"0":{"name":"HeaderComponent","decl":{"start":{"line":10,"column":16},"end":{"line":10,"column":31}},"loc":{"start":{"line":10,"column":54},"end":{"line":16,"column":1}},"line":10}},"branchMap":{},"s":{"0":3},"f":{"0":3},"b":{},"_coverageSchema":"1a1c01bbd47fc00a2c39e90264f33305004495a9","hash":"ab552b663f5582aec9ba8fe2d632f438d982ce7b"}
,"/home/gustavo/Documentos/Projects/gofinances/gofinances/src/components/Header/styles.tsx": {"path":"/home/gustavo/Documentos/Projects/gofinances/gofinances/src/components/Header/styles.tsx","statementMap":{"0":{"start":{"line":7,"column":21},"end":{"line":11,"column":1}},"1":{"start":{"line":8,"column":26},"end":{"line":8,"column":44}},"2":{"start":{"line":9,"column":32},"end":{"line":9,"column":51}},"3":{"start":{"line":12,"column":22},"end":{"line":19,"column":1}},"4":{"start":{"line":13,"column":37},"end":{"line":13,"column":57}}},"fnMap":{"0":{"name":"(anonymous_0)","decl":{"start":{"line":8,"column":11},"end":{"line":8,"column":12}},"loc":{"start":{"line":8,"column":26},"end":{"line":8,"column":44}},"line":8},"1":{"name":"(anonymous_1)","decl":{"start":{"line":9,"column":17},"end":{"line":9,"column":18}},"loc":{"start":{"line":9,"column":32},"end":{"line":9,"column":51}},"line":9},"2":{"name":"(anonymous_2)","decl":{"start":{"line":13,"column":22},"end":{"line":13,"column":23}},"loc":{"start":{"line":13,"column":37},"end":{"line":13,"column":57}},"line":13}},"branchMap":{},"s":{"0":1,"1":3,"2":3,"3":1,"4":3},"f":{"0":3,"1":3,"2":3},"b":{},"_coverageSchema":"1a1c01bbd47fc00a2c39e90264f33305004495a9","hash":"ea656af95415176a9d0043470d02bcb949462d6e"}
,"/home/gustavo/Documentos/Projects/gofinances/gofinances/src/components/HighlightCard/index.tsx": {"path":"/home/gustavo/Documentos/Projects/gofinances/gofinances/src/components/HighlightCard/index.tsx","statementMap":{"0":{"start":{"line":20,"column":15},"end":{"line":24,"column":3}},"1":{"start":{"line":26,"column":2},"end":{"line":38,"column":3}}},"fnMap":{"0":{"name":"HighlightCard","decl":{"start":{"line":19,"column":16},"end":{"line":19,"column":29}},"loc":{"start":{"line":19,"column":79},"end":{"line":39,"column":1}},"line":19}},"branchMap":{},"s":{"0":0,"1":0},"f":{"0":0},"b":{}}
,"/home/gustavo/Documentos/Projects/gofinances/gofinances/src/components/HistoryCard/index.tsx": {"path":"/home/gustavo/Documentos/Projects/gofinances/gofinances/src/components/HistoryCard/index.tsx","statementMap":{"0":{"start":{"line":11,"column":2},"end":{"line":16,"column":3}}},"fnMap":{"0":{"name":"HistoryCard","decl":{"start":{"line":10,"column":16},"end":{"line":10,"column":27}},"loc":{"start":{"line":10,"column":61},"end":{"line":17,"column":1}},"line":10}},"branchMap":{},"s":{"0":0},"f":{"0":0},"b":{}}
,"/home/gustavo/Documentos/Projects/gofinances/gofinances/src/components/Loading/index.tsx": {"path":"/home/gustavo/Documentos/Projects/gofinances/gofinances/src/components/Loading/index.tsx","statementMap":{"0":{"start":{"line":8,"column":16},"end":{"line":8,"column":26}},"1":{"start":{"line":9,"column":2},"end":{"line":13,"column":3}}},"fnMap":{"0":{"name":"Loading","decl":{"start":{"line":7,"column":16},"end":{"line":7,"column":23}},"loc":{"start":{"line":7,"column":28},"end":{"line":14,"column":1}},"line":7}},"branchMap":{},"s":{"0":0,"1":0},"f":{"0":0},"b":{}}
,"/home/gustavo/Documentos/Projects/gofinances/gofinances/src/components/SignInSocialButton/index.tsx": {"path":"/home/gustavo/Documentos/Projects/gofinances/gofinances/src/components/SignInSocialButton/index.tsx","statementMap":{"0":{"start":{"line":13,"column":4},"end":{"line":22,"column":5}}},"fnMap":{"0":{"name":"SignInSocialButton","decl":{"start":{"line":12,"column":16},"end":{"line":12,"column":34}},"loc":{"start":{"line":12,"column":88},"end":{"line":23,"column":1}},"line":12}},"branchMap":{},"s":{"0":0},"f":{"0":0},"b":{}}
,"/home/gustavo/Documentos/Projects/gofinances/gofinances/src/components/TransactionCard/index.tsx": {"path":"/home/gustavo/Documentos/Projects/gofinances/gofinances/src/components/TransactionCard/index.tsx","statementMap":{"0":{"start":{"line":34,"column":21},"end":{"line":36,"column":3}},"1":{"start":{"line":35,"column":29},"end":{"line":35,"column":55}},"2":{"start":{"line":38,"column":2},"end":{"line":54,"column":3}}},"fnMap":{"0":{"name":"TransactionCard","decl":{"start":{"line":33,"column":16},"end":{"line":33,"column":31}},"loc":{"start":{"line":33,"column":49},"end":{"line":55,"column":1}},"line":33},"1":{"name":"(anonymous_1)","decl":{"start":{"line":35,"column":4},"end":{"line":35,"column":5}},"loc":{"start":{"line":35,"column":29},"end":{"line":35,"column":55}},"line":35}},"branchMap":{"0":{"loc":{"start":{"line":42,"column":9},"end":{"line":42,"column":52}},"type":"binary-expr","locations":[{"start":{"line":42,"column":9},"end":{"line":42,"column":44}},{"start":{"line":42,"column":48},"end":{"line":42,"column":52}}],"line":42}},"s":{"0":0,"1":0,"2":0},"f":{"0":0,"1":0},"b":{"0":[0,0]}}
,"/home/gustavo/Documentos/Projects/gofinances/gofinances/src/context/Auth.tsx": {"path":"/home/gustavo/Documentos/Projects/gofinances/gofinances/src/context/Auth.tsx","statementMap":{"0":{"start":{"line":37,"column":27},"end":{"line":37,"column":72}},"1":{"start":{"line":40,"column":26},"end":{"line":44,"column":17}},"2":{"start":{"line":45,"column":40},"end":{"line":45,"column":54}},"3":{"start":{"line":47,"column":18},"end":{"line":47,"column":36}},"4":{"start":{"line":49,"column":43},"end":{"line":53,"column":4}},"5":{"start":{"line":56,"column":4},"end":{"line":89,"column":5}},"6":{"start":{"line":57,"column":23},"end":{"line":57,"column":42}},"7":{"start":{"line":67,"column":6},"end":{"line":85,"column":7}},"8":{"start":{"line":68,"column":27},"end":{"line":68,"column":51}},"9":{"start":{"line":69,"column":30},"end":{"line":71,"column":45}},"10":{"start":{"line":71,"column":29},"end":{"line":71,"column":44}},"11":{"start":{"line":73,"column":27},"end":{"line":78,"column":9}},"12":{"start":{"line":80,"column":8},"end":{"line":80,"column":28}},"13":{"start":{"line":81,"column":8},"end":{"line":84,"column":10}},"14":{"start":{"line":87,"column":6},"end":{"line":87,"column":23}},"15":{"start":{"line":88,"column":6},"end":{"line":88,"column":37}},"16":{"start":{"line":93,"column":23},"end":{"line":98,"column":6}},"17":{"start":{"line":100,"column":53},"end":{"line":100,"column":63}},"18":{"start":{"line":102,"column":23},"end":{"line":107,"column":5}},"19":{"start":{"line":109,"column":4},"end":{"line":109,"column":24}},"20":{"start":{"line":110,"column":4},"end":{"line":110,"column":77}},"21":{"start":{"line":114,"column":4},"end":{"line":114,"column":43}},"22":{"start":{"line":115,"column":4},"end":{"line":115,"column":29}},"23":{"start":{"line":118,"column":2},"end":{"line":128,"column":9}},"24":{"start":{"line":120,"column":23},"end":{"line":120,"column":58}},"25":{"start":{"line":121,"column":6},"end":{"line":124,"column":7}},"26":{"start":{"line":122,"column":21},"end":{"line":122,"column":54}},"27":{"start":{"line":123,"column":8},"end":{"line":123,"column":22}},"28":{"start":{"line":125,"column":6},"end":{"line":125,"column":28}},"29":{"start":{"line":127,"column":4},"end":{"line":127,"column":19}},"30":{"start":{"line":130,"column":2},"end":{"line":142,"column":4}},"31":{"start":{"line":146,"column":18},"end":{"line":146,"column":41}},"32":{"start":{"line":148,"column":2},"end":{"line":148,"column":17}}},"fnMap":{"0":{"name":"AuthProvider","decl":{"start":{"line":39,"column":16},"end":{"line":39,"column":28}},"loc":{"start":{"line":39,"column":57},"end":{"line":143,"column":1}},"line":39},"1":{"name":"SingInWithGoogle","decl":{"start":{"line":55,"column":17},"end":{"line":55,"column":33}},"loc":{"start":{"line":55,"column":36},"end":{"line":90,"column":3}},"line":55},"2":{"name":"(anonymous_2)","decl":{"start":{"line":71,"column":15},"end":{"line":71,"column":16}},"loc":{"start":{"line":71,"column":29},"end":{"line":71,"column":44}},"line":71},"3":{"name":"SingInWithApple","decl":{"start":{"line":92,"column":17},"end":{"line":92,"column":32}},"loc":{"start":{"line":92,"column":35},"end":{"line":111,"column":3}},"line":92},"4":{"name":"singOut","decl":{"start":{"line":113,"column":17},"end":{"line":113,"column":24}},"loc":{"start":{"line":113,"column":27},"end":{"line":116,"column":3}},"line":113},"5":{"name":"(anonymous_5)","decl":{"start":{"line":118,"column":12},"end":{"line":118,"column":13}},"loc":{"start":{"line":118,"column":18},"end":{"line":128,"column":3}},"line":118},"6":{"name":"loadInfoUser","decl":{"start":{"line":119,"column":19},"end":{"line":119,"column":31}},"loc":{"start":{"line":119,"column":34},"end":{"line":126,"column":5}},"line":119},"7":{"name":"useAuthContext","decl":{"start":{"line":145,"column":16},"end":{"line":145,"column":30}},"loc":{"start":{"line":145,"column":33},"end":{"line":149,"column":1}},"line":145}},"branchMap":{"0":{"loc":{"start":{"line":67,"column":6},"end":{"line":85,"column":7}},"type":"if","locations":[{"start":{"line":67,"column":6},"end":{"line":85,"column":7}},{"start":{},"end":{}}],"line":67},"1":{"loc":{"start":{"line":121,"column":6},"end":{"line":124,"column":7}},"type":"if","locations":[{"start":{"line":121,"column":6},"end":{"line":124,"column":7}},{"start":{},"end":{}}],"line":121}},"s":{"0":1,"1":16,"2":16,"3":16,"4":16,"5":2,"6":2,"7":2,"8":2,"9":2,"10":2,"11":2,"12":2,"13":2,"14":0,"15":0,"16":2,"17":2,"18":2,"19":2,"20":2,"21":2,"22":2,"23":16,"24":4,"25":4,"26":2,"27":2,"28":4,"29":4,"30":16,"31":16,"32":16},"f":{"0":16,"1":2,"2":2,"3":2,"4":2,"5":4,"6":4,"7":16},"b":{"0":[2,0],"1":[2,2]},"_coverageSchema":"1a1c01bbd47fc00a2c39e90264f33305004495a9","hash":"545cc12b1e14a58d49022f134cc2ecf38aa33e4c"}
,"/home/gustavo/Documentos/Projects/gofinances/gofinances/src/routes/app.routes.tsx": {"path":"/home/gustavo/Documentos/Projects/gofinances/gofinances/src/routes/app.routes.tsx","statementMap":{"0":{"start":{"line":11,"column":14},"end":{"line":15,"column":10}},"1":{"start":{"line":18,"column":32},"end":{"line":18,"column":58}},"2":{"start":{"line":19,"column":16},"end":{"line":19,"column":26}},"3":{"start":{"line":21,"column":2},"end":{"line":54,"column":4}},"4":{"start":{"line":23,"column":34},"end":{"line":48,"column":6}},"5":{"start":{"line":32,"column":12},"end":{"line":45,"column":13}},"6":{"start":{"line":34,"column":20},"end":{"line":34,"column":82}},"7":{"start":{"line":37,"column":20},"end":{"line":37,"column":83}},"8":{"start":{"line":41,"column":20},"end":{"line":41,"column":82}},"9":{"start":{"line":44,"column":26},"end":{"line":44,"column":32}}},"fnMap":{"0":{"name":"AppRoutes","decl":{"start":{"line":17,"column":16},"end":{"line":17,"column":25}},"loc":{"start":{"line":17,"column":28},"end":{"line":55,"column":1}},"line":17},"1":{"name":"(anonymous_1)","decl":{"start":{"line":23,"column":20},"end":{"line":23,"column":21}},"loc":{"start":{"line":23,"column":34},"end":{"line":48,"column":6}},"line":23},"2":{"name":"(anonymous_2)","decl":{"start":{"line":31,"column":20},"end":{"line":31,"column":21}},"loc":{"start":{"line":31,"column":39},"end":{"line":46,"column":9}},"line":31}},"branchMap":{"0":{"loc":{"start":{"line":32,"column":12},"end":{"line":45,"column":13}},"type":"switch","locations":[{"start":{"line":33,"column":16},"end":{"line":35,"column":17}},{"start":{"line":36,"column":16},"end":{"line":38,"column":17}},{"start":{"line":40,"column":16},"end":{"line":42,"column":17}},{"start":{"line":44,"column":16},"end":{"line":44,"column":34}}],"line":32}},"s":{"0":0,"1":0,"2":0,"3":0,"4":0,"5":0,"6":0,"7":0,"8":0,"9":0},"f":{"0":0,"1":0,"2":0},"b":{"0":[0,0,0,0]}}
,"/home/gustavo/Documentos/Projects/gofinances/gofinances/src/routes/auth.routes.tsx": {"path":"/home/gustavo/Documentos/Projects/gofinances/gofinances/src/routes/auth.routes.tsx","statementMap":{"0":{"start":{"line":5,"column":30},"end":{"line":5,"column":52}},"1":{"start":{"line":7,"column":4},"end":{"line":13,"column":5}}},"fnMap":{"0":{"name":"PublicRoute","decl":{"start":{"line":6,"column":16},"end":{"line":6,"column":27}},"loc":{"start":{"line":6,"column":29},"end":{"line":14,"column":1}},"line":6}},"branchMap":{},"s":{"0":0,"1":0},"f":{"0":0},"b":{}}
,"/home/gustavo/Documentos/Projects/gofinances/gofinances/src/routes/index.routes.tsx": {"path":"/home/gustavo/Documentos/Projects/gofinances/gofinances/src/routes/index.routes.tsx","statementMap":{"0":{"start":{"line":7,"column":21},"end":{"line":7,"column":37}},"1":{"start":{"line":8,"column":4},"end":{"line":12,"column":5}}},"fnMap":{"0":{"name":"Routes","decl":{"start":{"line":6,"column":16},"end":{"line":6,"column":22}},"loc":{"start":{"line":6,"column":24},"end":{"line":13,"column":1}},"line":6}},"branchMap":{"0":{"loc":{"start":{"line":10,"column":14},"end":{"line":10,"column":56}},"type":"cond-expr","locations":[{"start":{"line":10,"column":25},"end":{"line":10,"column":38}},{"start":{"line":10,"column":41},"end":{"line":10,"column":56}}],"line":10}},"s":{"0":0,"1":0},"f":{"0":0},"b":{"0":[0,0]}}
,"/home/gustavo/Documentos/Projects/gofinances/gofinances/src/screens/CategorySelect/index.tsx": {"path":"/home/gustavo/Documentos/Projects/gofinances/gofinances/src/screens/CategorySelect/index.tsx","statementMap":{"0":{"start":{"line":36,"column":4},"end":{"line":36,"column":25}},"1":{"start":{"line":39,"column":2},"end":{"line":63,"column":3}},"2":{"start":{"line":45,"column":32},"end":{"line":45,"column":40}},"3":{"start":{"line":47,"column":10},"end":{"line":53,"column":21}},"4":{"start":{"line":48,"column":27},"end":{"line":48,"column":53}},"5":{"start":{"line":56,"column":38},"end":{"line":56,"column":51}}},"fnMap":{"0":{"name":"CategorySelect","decl":{"start":{"line":30,"column":16},"end":{"line":30,"column":30}},"loc":{"start":{"line":34,"column":10},"end":{"line":64,"column":1}},"line":34},"1":{"name":"handleCategorySelect","decl":{"start":{"line":35,"column":11},"end":{"line":35,"column":31}},"loc":{"start":{"line":35,"column":57},"end":{"line":37,"column":3}},"line":35},"2":{"name":"(anonymous_2)","decl":{"start":{"line":45,"column":22},"end":{"line":45,"column":23}},"loc":{"start":{"line":45,"column":32},"end":{"line":45,"column":40}},"line":45},"3":{"name":"(anonymous_3)","decl":{"start":{"line":46,"column":20},"end":{"line":46,"column":21}},"loc":{"start":{"line":47,"column":10},"end":{"line":53,"column":21}},"line":47},"4":{"name":"(anonymous_4)","decl":{"start":{"line":48,"column":21},"end":{"line":48,"column":22}},"loc":{"start":{"line":48,"column":27},"end":{"line":48,"column":53}},"line":48},"5":{"name":"(anonymous_5)","decl":{"start":{"line":56,"column":32},"end":{"line":56,"column":33}},"loc":{"start":{"line":56,"column":38},"end":{"line":56,"column":51}},"line":56}},"branchMap":{},"s":{"0":0,"1":1,"2":6,"3":6,"4":0,"5":5},"f":{"0":1,"1":0,"2":6,"3":6,"4":0,"5":5},"b":{},"_coverageSchema":"1a1c01bbd47fc00a2c39e90264f33305004495a9","hash":"4ddcc58c01f5d2cfacd66297e3948b071698cbb5"}
,"/home/gustavo/Documentos/Projects/gofinances/gofinances/src/screens/Dashbaord/index.tsx": {"path":"/home/gustavo/Documentos/Projects/gofinances/gofinances/src/screens/Dashbaord/index.tsx","statementMap":{"0":{"start":{"line":55,"column":33},"end":{"line":55,"column":99}},"1":{"start":{"line":55,"column":62},"end":{"line":55,"column":98}},"2":{"start":{"line":57,"column":2},"end":{"line":59,"column":3}},"3":{"start":{"line":58,"column":4},"end":{"line":58,"column":13}},"4":{"start":{"line":61,"column":26},"end":{"line":66,"column":3}},"5":{"start":{"line":64,"column":52},"end":{"line":64,"column":88}},"6":{"start":{"line":67,"column":2},"end":{"line":72,"column":6}},"7":{"start":{"line":75,"column":28},"end":{"line":75,"column":44}},"8":{"start":{"line":76,"column":18},"end":{"line":76,"column":55}},"9":{"start":{"line":77,"column":16},"end":{"line":77,"column":26}},"10":{"start":{"line":78,"column":26},"end":{"line":78,"column":55}},"11":{"start":{"line":79,"column":38},"end":{"line":81,"column":3}},"12":{"start":{"line":82,"column":36},"end":{"line":82,"column":50}},"13":{"start":{"line":85,"column":21},"end":{"line":85,"column":56}},"14":{"start":{"line":86,"column":47},"end":{"line":88,"column":10}},"15":{"start":{"line":90,"column":34},"end":{"line":107,"column":6}},"16":{"start":{"line":91,"column":19},"end":{"line":95,"column":44}},"17":{"start":{"line":97,"column":21},"end":{"line":100,"column":8}},"18":{"start":{"line":102,"column":6},"end":{"line":106,"column":8}},"19":{"start":{"line":109,"column":4},"end":{"line":109,"column":35}},"20":{"start":{"line":113,"column":17},"end":{"line":113,"column":52}},"21":{"start":{"line":114,"column":47},"end":{"line":114,"column":71}},"22":{"start":{"line":116,"column":31},"end":{"line":133,"column":5}},"23":{"start":{"line":118,"column":8},"end":{"line":126,"column":9}},"24":{"start":{"line":119,"column":10},"end":{"line":119,"column":53}},"25":{"start":{"line":120,"column":10},"end":{"line":120,"column":50}},"26":{"start":{"line":121,"column":10},"end":{"line":121,"column":21}},"27":{"start":{"line":123,"column":10},"end":{"line":123,"column":51}},"28":{"start":{"line":124,"column":10},"end":{"line":124,"column":50}},"29":{"start":{"line":125,"column":10},"end":{"line":125,"column":21}},"30":{"start":{"line":135,"column":40},"end":{"line":135,"column":58}},"31":{"start":{"line":137,"column":34},"end":{"line":140,"column":5}},"32":{"start":{"line":141,"column":36},"end":{"line":144,"column":5}},"33":{"start":{"line":146,"column":33},"end":{"line":146,"column":64}},"34":{"start":{"line":148,"column":4},"end":{"line":170,"column":7}},"35":{"start":{"line":171,"column":4},"end":{"line":171,"column":24}},"36":{"start":{"line":174,"column":2},"end":{"line":179,"column":4}},"37":{"start":{"line":176,"column":6},"end":{"line":176,"column":27}},"38":{"start":{"line":177,"column":6},"end":{"line":177,"column":25}},"39":{"start":{"line":181,"column":2},"end":{"line":187,"column":3}},"40":{"start":{"line":182,"column":4},"end":{"line":186,"column":6}},"41":{"start":{"line":189,"column":2},"end":{"line":241,"column":4}},"42":{"start":{"line":236,"column":34},"end":{"line":236,"column":41}},"43":{"start":{"line":237,"column":36},"end":{"line":237,"column":67}}},"fnMap":{"0":{"name":"handleGetTimeLastTransaction","decl":{"start":{"line":51,"column":9},"end":{"line":51,"column":37}},"loc":{"start":{"line":54,"column":2},"end":{"line":73,"column":1}},"line":54},"1":{"name":"(anonymous_1)","decl":{"start":{"line":55,"column":45},"end":{"line":55,"column":46}},"loc":{"start":{"line":55,"column":62},"end":{"line":55,"column":98}},"line":55},"2":{"name":"(anonymous_2)","decl":{"start":{"line":64,"column":35},"end":{"line":64,"column":36}},"loc":{"start":{"line":64,"column":52},"end":{"line":64,"column":88}},"line":64},"3":{"name":"Dashboard","decl":{"start":{"line":74,"column":16},"end":{"line":74,"column":25}},"loc":{"start":{"line":74,"column":28},"end":{"line":242,"column":1}},"line":74},"4":{"name":"onLoadTransactions","decl":{"start":{"line":84,"column":17},"end":{"line":84,"column":35}},"loc":{"start":{"line":84,"column":38},"end":{"line":110,"column":3}},"line":84},"5":{"name":"(anonymous_5)","decl":{"start":{"line":90,"column":51},"end":{"line":90,"column":52}},"loc":{"start":{"line":90,"column":69},"end":{"line":107,"column":5}},"line":90},"6":{"name":"amountBillsToPay","decl":{"start":{"line":112,"column":17},"end":{"line":112,"column":33}},"loc":{"start":{"line":112,"column":36},"end":{"line":172,"column":3}},"line":112},"7":{"name":"(anonymous_7)","decl":{"start":{"line":117,"column":6},"end":{"line":117,"column":7}},"loc":{"start":{"line":117,"column":28},"end":{"line":127,"column":7}},"line":117},"8":{"name":"(anonymous_8)","decl":{"start":{"line":175,"column":16},"end":{"line":175,"column":17}},"loc":{"start":{"line":175,"column":22},"end":{"line":178,"column":5}},"line":175},"9":{"name":"(anonymous_9)","decl":{"start":{"line":236,"column":24},"end":{"line":236,"column":25}},"loc":{"start":{"line":236,"column":34},"end":{"line":236,"column":41}},"line":236},"10":{"name":"(anonymous_10)","decl":{"start":{"line":237,"column":22},"end":{"line":237,"column":23}},"loc":{"start":{"line":237,"column":36},"end":{"line":237,"column":67}},"line":237}},"branchMap":{"0":{"loc":{"start":{"line":57,"column":2},"end":{"line":59,"column":3}},"type":"if","locations":[{"start":{"line":57,"column":2},"end":{"line":59,"column":3}},{"start":{},"end":{}}],"line":57},"1":{"loc":{"start":{"line":86,"column":47},"end":{"line":88,"column":10}},"type":"cond-expr","locations":[{"start":{"line":87,"column":8},"end":{"line":87,"column":28}},{"start":{"line":88,"column":8},"end":{"line":88,"column":10}}],"line":86},"2":{"loc":{"start":{"line":114,"column":58},"end":{"line":114,"column":70}},"type":"binary-expr","locations":[{"start":{"line":114,"column":58},"end":{"line":114,"column":62}},{"start":{"line":114,"column":66},"end":{"line":114,"column":70}}],"line":114},"3":{"loc":{"start":{"line":118,"column":8},"end":{"line":126,"column":9}},"type":"if","locations":[{"start":{"line":118,"column":8},"end":{"line":126,"column":9}},{"start":{"line":122,"column":15},"end":{"line":126,"column":9}}],"line":118},"4":{"loc":{"start":{"line":154,"column":25},"end":{"line":154,"column":115}},"type":"cond-expr","locations":[{"start":{"line":154,"column":49},"end":{"line":154,"column":94}},{"start":{"line":154,"column":96},"end":{"line":154,"column":115}}],"line":154},"5":{"loc":{"start":{"line":161,"column":25},"end":{"line":161,"column":115}},"type":"cond-expr","locations":[{"start":{"line":161,"column":49},"end":{"line":161,"column":94}},{"start":{"line":161,"column":96},"end":{"line":161,"column":115}}],"line":161},"6":{"loc":{"start":{"line":181,"column":2},"end":{"line":187,"column":3}},"type":"if","locations":[{"start":{"line":181,"column":2},"end":{"line":187,"column":3}},{"start":{},"end":{}}],"line":181}},"s":{"0":0,"1":0,"2":0,"3":0,"4":0,"5":0,"6":0,"7":0,"8":0,"9":0,"10":0,"11":0,"12":0,"13":0,"14":0,"15":0,"16":0,"17":0,"18":0,"19":0,"20":0,"21":0,"22":0,"23":0,"24":0,"25":0,"26":0,"27":0,"28":0,"29":0,"30":0,"31":0,"32":0,"33":0,"34":0,"35":0,"36":0,"37":0,"38":0,"39":0,"40":0,"41":0,"42":0,"43":0},"f":{"0":0,"1":0,"2":0,"3":0,"4":0,"5":0,"6":0,"7":0,"8":0,"9":0,"10":0},"b":{"0":[0,0],"1":[0,0],"2":[0,0],"3":[0,0],"4":[0,0],"5":[0,0],"6":[0,0]}}
,"/home/gustavo/Documentos/Projects/gofinances/gofinances/src/screens/Profile/index.tsx": {"path":"/home/gustavo/Documentos/Projects/gofinances/gofinances/src/screens/Profile/index.tsx","statementMap":{"0":{"start":{"line":5,"column":2},"end":{"line":12,"column":3}}},"fnMap":{"0":{"name":"Profile","decl":{"start":{"line":4,"column":16},"end":{"line":4,"column":23}},"loc":{"start":{"line":4,"column":25},"end":{"line":14,"column":1}},"line":4}},"branchMap":{},"s":{"0":1},"f":{"0":1},"b":{},"_coverageSchema":"1a1c01bbd47fc00a2c39e90264f33305004495a9","hash":"b267129810a07e804841c0757711a12e9a4bbfa3"}
,"/home/gustavo/Documentos/Projects/gofinances/gofinances/src/screens/Register/index.tsx": {"path":"/home/gustavo/Documentos/Projects/gofinances/gofinances/src/screens/Register/index.tsx","statementMap":{"0":{"start":{"line":34,"column":15},"end":{"line":40,"column":2}},"1":{"start":{"line":43,"column":19},"end":{"line":43,"column":35}},"2":{"start":{"line":44,"column":18},"end":{"line":44,"column":55}},"3":{"start":{"line":45,"column":48},"end":{"line":45,"column":60}},"4":{"start":{"line":46,"column":52},"end":{"line":46,"column":67}},"5":{"start":{"line":47,"column":34},"end":{"line":51,"column":4}},"6":{"start":{"line":53,"column":23},"end":{"line":53,"column":38}},"7":{"start":{"line":60,"column":6},"end":{"line":62,"column":4}},"8":{"start":{"line":65,"column":4},"end":{"line":65,"column":31}},"9":{"start":{"line":69,"column":4},"end":{"line":69,"column":32}},"10":{"start":{"line":73,"column":4},"end":{"line":73,"column":29}},"11":{"start":{"line":78,"column":4},"end":{"line":81,"column":5}},"12":{"start":{"line":79,"column":6},"end":{"line":79,"column":45}},"13":{"start":{"line":80,"column":6},"end":{"line":80,"column":13}},"14":{"start":{"line":83,"column":4},"end":{"line":86,"column":5}},"15":{"start":{"line":84,"column":6},"end":{"line":84,"column":45}},"16":{"start":{"line":85,"column":6},"end":{"line":85,"column":12}},"17":{"start":{"line":88,"column":27},"end":{"line":95,"column":5}},"18":{"start":{"line":97,"column":4},"end":{"line":121,"column":5}},"19":{"start":{"line":98,"column":26},"end":{"line":98,"column":61}},"20":{"start":{"line":99,"column":21},"end":{"line":99,"column":65}},"21":{"start":{"line":100,"column":19},"end":{"line":103,"column":7}},"22":{"start":{"line":105,"column":6},"end":{"line":105,"column":64}},"23":{"start":{"line":107,"column":6},"end":{"line":107,"column":29}},"24":{"start":{"line":108,"column":6},"end":{"line":112,"column":9}},"25":{"start":{"line":114,"column":6},"end":{"line":114,"column":14}},"26":{"start":{"line":116,"column":6},"end":{"line":116,"column":27}},"27":{"start":{"line":119,"column":6},"end":{"line":119,"column":23}},"28":{"start":{"line":120,"column":6},"end":{"line":120,"column":46}},"29":{"start":{"line":124,"column":2},"end":{"line":193,"column":4}},"30":{"start":{"line":153,"column":18},"end":{"line":153,"column":58}},"31":{"start":{"line":162,"column":18},"end":{"line":162,"column":58}}},"fnMap":{"0":{"name":"Register","decl":{"start":{"line":42,"column":16},"end":{"line":42,"column":24}},"loc":{"start":{"line":42,"column":27},"end":{"line":194,"column":1}},"line":42},"1":{"name":"handleOpenSelectCategoryModal","decl":{"start":{"line":64,"column":11},"end":{"line":64,"column":40}},"loc":{"start":{"line":64,"column":43},"end":{"line":66,"column":3}},"line":64},"2":{"name":"handleCloseSelectCategoryModal","decl":{"start":{"line":68,"column":11},"end":{"line":68,"column":41}},"loc":{"start":{"line":68,"column":44},"end":{"line":70,"column":3}},"line":68},"3":{"name":"handleTransactionTypeSelect","decl":{"start":{"line":72,"column":11},"end":{"line":72,"column":38}},"loc":{"start":{"line":72,"column":70},"end":{"line":74,"column":3}},"line":72},"4":{"name":"handleRegister","decl":{"start":{"line":76,"column":17},"end":{"line":76,"column":31}},"loc":{"start":{"line":76,"column":48},"end":{"line":122,"column":3}},"line":76},"5":{"name":"(anonymous_5)","decl":{"start":{"line":152,"column":25},"end":{"line":152,"column":26}},"loc":{"start":{"line":152,"column":31},"end":{"line":154,"column":17}},"line":152},"6":{"name":"(anonymous_6)","decl":{"start":{"line":161,"column":25},"end":{"line":161,"column":26}},"loc":{"start":{"line":161,"column":31},"end":{"line":163,"column":17}},"line":161}},"branchMap":{"0":{"loc":{"start":{"line":78,"column":4},"end":{"line":81,"column":5}},"type":"if","locations":[{"start":{"line":78,"column":4},"end":{"line":81,"column":5}},{"start":{},"end":{}}],"line":78},"1":{"loc":{"start":{"line":83,"column":4},"end":{"line":86,"column":5}},"type":"if","locations":[{"start":{"line":83,"column":4},"end":{"line":86,"column":5}},{"start":{},"end":{}}],"line":83},"2":{"loc":{"start":{"line":99,"column":32},"end":{"line":99,"column":64}},"type":"cond-expr","locations":[{"start":{"line":99,"column":46},"end":{"line":99,"column":57}},{"start":{"line":99,"column":60},"end":{"line":99,"column":64}}],"line":99},"3":{"loc":{"start":{"line":137,"column":21},"end":{"line":137,"column":55}},"type":"binary-expr","locations":[{"start":{"line":137,"column":21},"end":{"line":137,"column":32}},{"start":{"line":137,"column":36},"end":{"line":137,"column":55}}],"line":137},"4":{"loc":{"start":{"line":144,"column":21},"end":{"line":144,"column":59}},"type":"binary-expr","locations":[{"start":{"line":144,"column":21},"end":{"line":144,"column":34}},{"start":{"line":144,"column":38},"end":{"line":144,"column":59}}],"line":144}},"s":{"0":1,"1":2,"2":2,"3":2,"4":2,"5":2,"6":2,"7":2,"8":1,"9":0,"10":0,"11":0,"12":0,"13":0,"14":0,"15":0,"16":0,"17":0,"18":0,"19":0,"20":0,"21":0,"22":0,"23":0,"24":0,"25":0,"26":0,"27":0,"28":0,"29":2,"30":0,"31":0},"f":{"0":2,"1":1,"2":0,"3":0,"4":0,"5":0,"6":0},"b":{"0":[0,0],"1":[0,0],"2":[0,0],"3":[2,0],"4":[2,0]},"_coverageSchema":"1a1c01bbd47fc00a2c39e90264f33305004495a9","hash":"ff305fd99336900ac5fb92c185b0257daef9c000"}
,"/home/gustavo/Documentos/Projects/gofinances/gofinances/src/screens/Resume/index.tsx": {"path":"/home/gustavo/Documentos/Projects/gofinances/gofinances/src/screens/Resume/index.tsx","statementMap":{"0":{"start":{"line":44,"column":16},"end":{"line":44,"column":26}},"1":{"start":{"line":45,"column":19},"end":{"line":45,"column":35}},"2":{"start":{"line":46,"column":36},"end":{"line":46,"column":59}},"3":{"start":{"line":47,"column":42},"end":{"line":47,"column":68}},"4":{"start":{"line":48,"column":42},"end":{"line":48,"column":78}},"5":{"start":{"line":51,"column":4},"end":{"line":51,"column":23}},"6":{"start":{"line":52,"column":4},"end":{"line":56,"column":5}},"7":{"start":{"line":53,"column":6},"end":{"line":53,"column":49}},"8":{"start":{"line":55,"column":6},"end":{"line":55,"column":49}},"9":{"start":{"line":60,"column":20},"end":{"line":60,"column":57}},"10":{"start":{"line":62,"column":21},"end":{"line":62,"column":56}},"11":{"start":{"line":63,"column":50},"end":{"line":65,"column":10}},"12":{"start":{"line":67,"column":23},"end":{"line":71,"column":5}},"13":{"start":{"line":68,"column":22},"end":{"line":70,"column":76}},"14":{"start":{"line":73,"column":28},"end":{"line":76,"column":5}},"15":{"start":{"line":74,"column":26},"end":{"line":74,"column":56}},"16":{"start":{"line":78,"column":52},"end":{"line":78,"column":54}},"17":{"start":{"line":79,"column":4},"end":{"line":103,"column":7}},"18":{"start":{"line":80,"column":24},"end":{"line":80,"column":25}},"19":{"start":{"line":81,"column":6},"end":{"line":85,"column":9}},"20":{"start":{"line":82,"column":8},"end":{"line":84,"column":9}},"21":{"start":{"line":83,"column":10},"end":{"line":83,"column":50}},"22":{"start":{"line":86,"column":6},"end":{"line":102,"column":7}},"23":{"start":{"line":87,"column":24},"end":{"line":90,"column":23}},"24":{"start":{"line":91,"column":8},"end":{"line":101,"column":11}},"25":{"start":{"line":105,"column":4},"end":{"line":105,"column":37}},"26":{"start":{"line":106,"column":4},"end":{"line":106,"column":24}},"27":{"start":{"line":109,"column":2},"end":{"line":113,"column":4}},"28":{"start":{"line":111,"column":6},"end":{"line":111,"column":17}},"29":{"start":{"line":115,"column":2},"end":{"line":158,"column":4}},"30":{"start":{"line":121,"column":44},"end":{"line":121,"column":68}},"31":{"start":{"line":127,"column":44},"end":{"line":127,"column":68}},"32":{"start":{"line":133,"column":51},"end":{"line":133,"column":61}},"33":{"start":{"line":148,"column":10},"end":{"line":153,"column":12}}},"fnMap":{"0":{"name":"Resume","decl":{"start":{"line":43,"column":16},"end":{"line":43,"column":22}},"loc":{"start":{"line":43,"column":25},"end":{"line":159,"column":1}},"line":43},"1":{"name":"handleDateChange","decl":{"start":{"line":50,"column":11},"end":{"line":50,"column":27}},"loc":{"start":{"line":50,"column":52},"end":{"line":57,"column":3}},"line":50},"2":{"name":"loadData","decl":{"start":{"line":59,"column":17},"end":{"line":59,"column":25}},"loc":{"start":{"line":59,"column":28},"end":{"line":107,"column":3}},"line":59},"3":{"name":"(anonymous_3)","decl":{"start":{"line":68,"column":6},"end":{"line":68,"column":7}},"loc":{"start":{"line":68,"column":22},"end":{"line":70,"column":76}},"line":68},"4":{"name":"(anonymous_4)","decl":{"start":{"line":74,"column":6},"end":{"line":74,"column":7}},"loc":{"start":{"line":74,"column":26},"end":{"line":74,"column":56}},"line":74},"5":{"name":"(anonymous_5)","decl":{"start":{"line":79,"column":23},"end":{"line":79,"column":24}},"loc":{"start":{"line":79,"column":37},"end":{"line":103,"column":5}},"line":79},"6":{"name":"(anonymous_6)","decl":{"start":{"line":81,"column":25},"end":{"line":81,"column":26}},"loc":{"start":{"line":81,"column":40},"end":{"line":85,"column":7}},"line":81},"7":{"name":"(anonymous_7)","decl":{"start":{"line":110,"column":16},"end":{"line":110,"column":17}},"loc":{"start":{"line":110,"column":22},"end":{"line":112,"column":5}},"line":110},"8":{"name":"(anonymous_8)","decl":{"start":{"line":121,"column":38},"end":{"line":121,"column":39}},"loc":{"start":{"line":121,"column":44},"end":{"line":121,"column":68}},"line":121},"9":{"name":"(anonymous_9)","decl":{"start":{"line":127,"column":38},"end":{"line":127,"column":39}},"loc":{"start":{"line":127,"column":44},"end":{"line":127,"column":68}},"line":127},"10":{"name":"(anonymous_10)","decl":{"start":{"line":133,"column":41},"end":{"line":133,"column":42}},"loc":{"start":{"line":133,"column":51},"end":{"line":133,"column":61}},"line":133},"11":{"name":"(anonymous_11)","decl":{"start":{"line":147,"column":26},"end":{"line":147,"column":27}},"loc":{"start":{"line":148,"column":10},"end":{"line":153,"column":12}},"line":148}},"branchMap":{"0":{"loc":{"start":{"line":52,"column":4},"end":{"line":56,"column":5}},"type":"if","locations":[{"start":{"line":52,"column":4},"end":{"line":56,"column":5}},{"start":{"line":54,"column":9},"end":{"line":56,"column":5}}],"line":52},"1":{"loc":{"start":{"line":63,"column":50},"end":{"line":65,"column":10}},"type":"cond-expr","locations":[{"start":{"line":64,"column":8},"end":{"line":64,"column":28}},{"start":{"line":65,"column":8},"end":{"line":65,"column":10}}],"line":63},"2":{"loc":{"start":{"line":68,"column":22},"end":{"line":70,"column":76}},"type":"binary-expr","locations":[{"start":{"line":68,"column":22},"end":{"line":68,"column":63}},{"start":{"line":69,"column":6},"end":{"line":69,"column":70}},{"start":{"line":70,"column":6},"end":{"line":70,"column":76}}],"line":68},"3":{"loc":{"start":{"line":82,"column":8},"end":{"line":84,"column":9}},"type":"if","locations":[{"start":{"line":82,"column":8},"end":{"line":84,"column":9}},{"start":{},"end":{}}],"line":82},"4":{"loc":{"start":{"line":86,"column":6},"end":{"line":102,"column":7}},"type":"if","locations":[{"start":{"line":86,"column":6},"end":{"line":102,"column":7}},{"start":{},"end":{}}],"line":86},"5":{"loc":{"start":{"line":118,"column":7},"end":{"line":156,"column":7}},"type":"cond-expr","locations":[{"start":{"line":118,"column":19},"end":{"line":118,"column":30}},{"start":{"line":119,"column":6},"end":{"line":155,"column":16}}],"line":118}},"s":{"0":0,"1":0,"2":0,"3":0,"4":0,"5":0,"6":0,"7":0,"8":0,"9":0,"10":0,"11":0,"12":0,"13":0,"14":0,"15":0,"16":0,"17":0,"18":0,"19":0,"20":0,"21":0,"22":0,"23":0,"24":0,"25":0,"26":0,"27":0,"28":0,"29":0,"30":0,"31":0,"32":0,"33":0},"f":{"0":0,"1":0,"2":0,"3":0,"4":0,"5":0,"6":0,"7":0,"8":0,"9":0,"10":0,"11":0},"b":{"0":[0,0],"1":[0,0],"2":[0,0,0],"3":[0,0],"4":[0,0],"5":[0,0]}}
,"/home/gustavo/Documentos/Projects/gofinances/gofinances/src/screens/SingIn/index.tsx": {"path":"/home/gustavo/Documentos/Projects/gofinances/gofinances/src/screens/SingIn/index.tsx","statementMap":{"0":{"start":{"line":23,"column":16},"end":{"line":23,"column":26}},"1":{"start":{"line":24,"column":32},"end":{"line":24,"column":56}},"2":{"start":{"line":25,"column":54},"end":{"line":25,"column":70}},"3":{"start":{"line":28,"column":4},"end":{"line":35,"column":5}},"4":{"start":{"line":29,"column":6},"end":{"line":29,"column":23}},"5":{"start":{"line":30,"column":6},"end":{"line":30,"column":31}},"6":{"start":{"line":32,"column":6},"end":{"line":32,"column":62}},"7":{"start":{"line":33,"column":6},"end":{"line":33,"column":23}},"8":{"start":{"line":34,"column":6},"end":{"line":34,"column":24}},"9":{"start":{"line":39,"column":4},"end":{"line":46,"column":5}},"10":{"start":{"line":40,"column":6},"end":{"line":40,"column":23}},"11":{"start":{"line":41,"column":6},"end":{"line":41,"column":37}},"12":{"start":{"line":43,"column":6},"end":{"line":43,"column":62}},"13":{"start":{"line":44,"column":6},"end":{"line":44,"column":23}},"14":{"start":{"line":45,"column":6},"end":{"line":45,"column":24}},"15":{"start":{"line":49,"column":2},"end":{"line":84,"column":4}}},"fnMap":{"0":{"name":"SingIn","decl":{"start":{"line":22,"column":16},"end":{"line":22,"column":22}},"loc":{"start":{"line":22,"column":25},"end":{"line":85,"column":1}},"line":22},"1":{"name":"AuthGoogle","decl":{"start":{"line":27,"column":17},"end":{"line":27,"column":27}},"loc":{"start":{"line":27,"column":30},"end":{"line":36,"column":3}},"line":27},"2":{"name":"AuthApple","decl":{"start":{"line":38,"column":17},"end":{"line":38,"column":26}},"loc":{"start":{"line":38,"column":29},"end":{"line":47,"column":3}},"line":38}},"branchMap":{"0":{"loc":{"start":{"line":66,"column":11},"end":{"line":73,"column":11}},"type":"binary-expr","locations":[{"start":{"line":66,"column":11},"end":{"line":66,"column":32}},{"start":{"line":67,"column":12},"end":{"line":72,"column":14}}],"line":66},"1":{"loc":{"start":{"line":74,"column":11},"end":{"line":80,"column":11}},"type":"binary-expr","locations":[{"start":{"line":74,"column":11},"end":{"line":74,"column":18}},{"start":{"line":75,"column":12},"end":{"line":79,"column":14}}],"line":74}},"s":{"0":0,"1":0,"2":0,"3":0,"4":0,"5":0,"6":0,"7":0,"8":0,"9":0,"10":0,"11":0,"12":0,"13":0,"14":0,"15":0},"f":{"0":0,"1":0,"2":0},"b":{"0":[0,0],"1":[0,0]}}
}
