TN:
SF:src/components/Form/Button/index.tsx
FN:9,Button
FNF:1
FNH:1
FNDA:3,Button
DA:10,3
LF:1
LH:1
BRF:0
BRH:0
end_of_record
TN:
SF:src/components/Form/CategorySelectButton/index.tsx
FN:19,CategorySelectButton
FNF:1
FNH:1
FNDA:2,CategorySelectButton
DA:20,2
LF:1
LH:1
BRDA:23,0,0,2
BRDA:23,0,1,2
BRF:2
BRH:2
end_of_record
TN:
SF:src/components/Form/Input/index.tsx
FN:9,Input
FNF:1
FNH:1
FNDA:6,Input
DA:10,6
LF:1
LH:1
BRDA:9,0,0,5
BRF:1
BRH:1
end_of_record
TN:
SF:src/components/Form/InputForm/index.tsx
FN:13,InputForm
FN:18,(anonymous_1)
FNF:2
FNH:2
FNDA:4,InputForm
FNDA:4,(anonymous_1)
DA:14,4
DA:19,4
LF:2
LH:2
BRDA:23,0,0,4
BRDA:23,0,1,0
BRF:2
BRH:1
end_of_record
TN:
SF:src/components/Form/TransactionTypeButton/index.tsx
FN:16,TransactionTypeButton
FNF:1
FNH:1
FNDA:4,TransactionTypeButton
DA:5,1
DA:22,4
LF:2
LH:2
BRF:0
BRH:0
end_of_record
TN:
SF:src/components/Header/index.tsx
FN:10,HeaderComponent
FNF:1
FNH:1
FNDA:3,HeaderComponent
DA:11,3
LF:1
LH:1
BRF:0
BRH:0
end_of_record
TN:
SF:src/components/Header/styles.tsx
FN:8,(anonymous_0)
FN:9,(anonymous_1)
FN:13,(anonymous_2)
FNF:3
FNH:3
FNDA:3,(anonymous_0)
FNDA:3,(anonymous_1)
FNDA:3,(anonymous_2)
DA:7,1
DA:8,3
DA:9,3
DA:12,1
DA:13,3
LF:5
LH:5
BRF:0
BRH:0
end_of_record
TN:
SF:src/components/HighlightCard/index.tsx
FN:19,HighlightCard
FNF:1
FNH:0
FNDA:0,HighlightCard
DA:20,0
DA:26,0
LF:2
LH:0
BRF:0
BRH:0
end_of_record
TN:
SF:src/components/HistoryCard/index.tsx
FN:10,HistoryCard
FNF:1
FNH:0
FNDA:0,HistoryCard
DA:11,0
LF:1
LH:0
BRF:0
BRH:0
end_of_record
TN:
SF:src/components/Loading/index.tsx
FN:7,Loading
FNF:1
FNH:0
FNDA:0,Loading
DA:8,0
DA:9,0
LF:2
LH:0
BRF:0
BRH:0
end_of_record
TN:
SF:src/components/SignInSocialButton/index.tsx
FN:12,SignInSocialButton
FNF:1
FNH:0
FNDA:0,SignInSocialButton
DA:13,0
LF:1
LH:0
BRF:0
BRH:0
end_of_record
TN:
SF:src/components/TransactionCard/index.tsx
FN:33,TransactionCard
FN:35,(anonymous_1)
FNF:2
FNH:0
FNDA:0,TransactionCard
FNDA:0,(anonymous_1)
DA:34,0
DA:35,0
DA:38,0
LF:3
LH:0
BRDA:42,0,0,0
BRDA:42,0,1,0
BRF:2
BRH:0
end_of_record
TN:
SF:src/context/Auth.tsx
FN:39,AuthProvider
FN:55,SingInWithGoogle
FN:71,(anonymous_2)
FN:92,SingInWithApple
FN:113,singOut
FN:118,(anonymous_5)
FN:119,loadInfoUser
FN:145,useAuthContext
FNF:8
FNH:8
FNDA:16,AuthProvider
FNDA:2,SingInWithGoogle
FNDA:2,(anonymous_2)
FNDA:2,SingInWithApple
FNDA:2,singOut
FNDA:4,(anonymous_5)
FNDA:4,loadInfoUser
FNDA:16,useAuthContext
DA:37,1
DA:40,16
DA:45,16
DA:47,16
DA:49,16
DA:56,2
DA:57,2
DA:67,2
DA:68,2
DA:69,2
DA:71,2
DA:73,2
DA:80,2
DA:81,2
DA:87,0
DA:88,0
DA:93,2
DA:100,2
DA:102,2
DA:109,2
DA:110,2
DA:114,2
DA:115,2
DA:118,16
DA:120,4
DA:121,4
DA:122,2
DA:123,2
DA:125,4
DA:127,4
DA:130,16
DA:146,16
DA:148,16
LF:33
LH:31
BRDA:67,0,0,2
BRDA:67,0,1,0
BRDA:121,1,0,2
BRDA:121,1,1,2
BRF:4
BRH:3
end_of_record
TN:
SF:src/routes/app.routes.tsx
FN:17,AppRoutes
FN:23,(anonymous_1)
FN:31,(anonymous_2)
FNF:3
FNH:0
FNDA:0,AppRoutes
FNDA:0,(anonymous_1)
FNDA:0,(anonymous_2)
DA:11,0
DA:18,0
DA:19,0
DA:21,0
DA:23,0
DA:32,0
DA:34,0
DA:37,0
DA:41,0
DA:44,0
LF:10
LH:0
BRDA:32,0,0,0
BRDA:32,0,1,0
BRDA:32,0,2,0
BRDA:32,0,3,0
BRF:4
BRH:0
end_of_record
TN:
SF:src/routes/auth.routes.tsx
FN:6,PublicRoute
FNF:1
FNH:0
FNDA:0,PublicRoute
DA:5,0
DA:7,0
LF:2
LH:0
BRF:0
BRH:0
end_of_record
TN:
SF:src/routes/index.routes.tsx
FN:6,Routes
FNF:1
FNH:0
FNDA:0,Routes
DA:7,0
DA:8,0
LF:2
LH:0
BRDA:10,0,0,0
BRDA:10,0,1,0
BRF:2
BRH:0
end_of_record
TN:
SF:src/screens/CategorySelect/index.tsx
FN:30,CategorySelect
FN:35,handleCategorySelect
FN:45,(anonymous_2)
FN:46,(anonymous_3)
FN:48,(anonymous_4)
FN:56,(anonymous_5)
FNF:6
FNH:4
FNDA:1,CategorySelect
FNDA:0,handleCategorySelect
FNDA:6,(anonymous_2)
FNDA:6,(anonymous_3)
FNDA:0,(anonymous_4)
FNDA:5,(anonymous_5)
DA:36,0
DA:39,1
DA:45,6
DA:47,6
DA:48,0
DA:56,5
LF:6
LH:4
BRF:0
BRH:0
end_of_record
TN:
SF:src/screens/Dashbaord/index.tsx
FN:51,handleGetTimeLastTransaction
FN:55,(anonymous_1)
FN:64,(anonymous_2)
FN:74,Dashboard
FN:84,onLoadTransactions
FN:90,(anonymous_5)
FN:112,amountBillsToPay
FN:117,(anonymous_7)
FN:175,(anonymous_8)
FN:236,(anonymous_9)
FN:237,(anonymous_10)
FNF:11
FNH:0
FNDA:0,handleGetTimeLastTransaction
FNDA:0,(anonymous_1)
FNDA:0,(anonymous_2)
FNDA:0,Dashboard
FNDA:0,onLoadTransactions
FNDA:0,(anonymous_5)
FNDA:0,amountBillsToPay
FNDA:0,(anonymous_7)
FNDA:0,(anonymous_8)
FNDA:0,(anonymous_9)
FNDA:0,(anonymous_10)
DA:55,0
DA:57,0
DA:58,0
DA:61,0
DA:64,0
DA:67,0
DA:75,0
DA:76,0
DA:77,0
DA:78,0
DA:79,0
DA:82,0
DA:85,0
DA:86,0
DA:90,0
DA:91,0
DA:97,0
DA:102,0
DA:109,0
DA:113,0
DA:114,0
DA:116,0
DA:118,0
DA:119,0
DA:120,0
DA:121,0
DA:123,0
DA:124,0
DA:125,0
DA:135,0
DA:137,0
DA:141,0
DA:146,0
DA:148,0
DA:171,0
DA:174,0
DA:176,0
DA:177,0
DA:181,0
DA:182,0
DA:189,0
DA:236,0
DA:237,0
LF:43
LH:0
BRDA:57,0,0,0
BRDA:57,0,1,0
BRDA:86,1,0,0
BRDA:86,1,1,0
BRDA:114,2,0,0
BRDA:114,2,1,0
BRDA:118,3,0,0
BRDA:118,3,1,0
BRDA:154,4,0,0
BRDA:154,4,1,0
BRDA:161,5,0,0
BRDA:161,5,1,0
BRDA:181,6,0,0
BRDA:181,6,1,0
BRF:14
BRH:0
end_of_record
TN:
SF:src/screens/Profile/index.tsx
FN:4,Profile
FNF:1
FNH:1
FNDA:1,Profile
DA:5,1
LF:1
LH:1
BRF:0
BRH:0
end_of_record
TN:
SF:src/screens/Register/index.tsx
FN:42,Register
FN:64,handleOpenSelectCategoryModal
FN:68,handleCloseSelectCategoryModal
FN:72,handleTransactionTypeSelect
FN:76,handleRegister
FN:152,(anonymous_5)
FN:161,(anonymous_6)
FNF:7
FNH:2
FNDA:2,Register
FNDA:1,handleOpenSelectCategoryModal
FNDA:0,handleCloseSelectCategoryModal
FNDA:0,handleTransactionTypeSelect
FNDA:0,handleRegister
FNDA:0,(anonymous_5)
FNDA:0,(anonymous_6)
DA:34,1
DA:43,2
DA:44,2
DA:45,2
DA:46,2
DA:47,2
DA:53,2
DA:60,2
DA:65,1
DA:69,0
DA:73,0
DA:78,0
DA:79,0
DA:80,0
DA:83,0
DA:84,0
DA:85,0
DA:88,0
DA:97,0
DA:98,0
DA:99,0
DA:100,0
DA:105,0
DA:107,0
DA:108,0
DA:114,0
DA:116,0
DA:119,0
DA:120,0
DA:124,2
DA:153,0
DA:162,0
LF:32
LH:10
BRDA:78,0,0,0
BRDA:78,0,1,0
BRDA:83,1,0,0
BRDA:83,1,1,0
BRDA:99,2,0,0
BRDA:99,2,1,0
BRDA:137,3,0,2
BRDA:137,3,1,0
BRDA:144,4,0,2
BRDA:144,4,1,0
BRF:10
BRH:2
end_of_record
TN:
SF:src/screens/Resume/index.tsx
FN:43,Resume
FN:50,handleDateChange
FN:59,loadData
FN:68,(anonymous_3)
FN:74,(anonymous_4)
FN:79,(anonymous_5)
FN:81,(anonymous_6)
FN:110,(anonymous_7)
FN:121,(anonymous_8)
FN:127,(anonymous_9)
FN:133,(anonymous_10)
FN:147,(anonymous_11)
FNF:12
FNH:0
FNDA:0,Resume
FNDA:0,handleDateChange
FNDA:0,loadData
FNDA:0,(anonymous_3)
FNDA:0,(anonymous_4)
FNDA:0,(anonymous_5)
FNDA:0,(anonymous_6)
FNDA:0,(anonymous_7)
FNDA:0,(anonymous_8)
FNDA:0,(anonymous_9)
FNDA:0,(anonymous_10)
FNDA:0,(anonymous_11)
DA:44,0
DA:45,0
DA:46,0
DA:47,0
DA:48,0
DA:51,0
DA:52,0
DA:53,0
DA:55,0
DA:60,0
DA:62,0
DA:63,0
DA:67,0
DA:68,0
DA:73,0
DA:74,0
DA:78,0
DA:79,0
DA:80,0
DA:81,0
DA:82,0
DA:83,0
DA:86,0
DA:87,0
DA:91,0
DA:105,0
DA:106,0
DA:109,0
DA:111,0
DA:115,0
DA:121,0
DA:127,0
DA:133,0
DA:148,0
LF:34
LH:0
BRDA:52,0,0,0
BRDA:52,0,1,0
BRDA:63,1,0,0
BRDA:63,1,1,0
BRDA:68,2,0,0
BRDA:68,2,1,0
BRDA:68,2,2,0
BRDA:82,3,0,0
BRDA:82,3,1,0
BRDA:86,4,0,0
BRDA:86,4,1,0
BRDA:118,5,0,0
BRDA:118,5,1,0
BRF:13
BRH:0
end_of_record
TN:
SF:src/screens/SingIn/index.tsx
FN:22,SingIn
FN:27,AuthGoogle
FN:38,AuthApple
FNF:3
FNH:0
FNDA:0,SingIn
FNDA:0,AuthGoogle
FNDA:0,AuthApple
DA:23,0
DA:24,0
DA:25,0
DA:28,0
DA:29,0
DA:30,0
DA:32,0
DA:33,0
DA:34,0
DA:39,0
DA:40,0
DA:41,0
DA:43,0
DA:44,0
DA:45,0
DA:49,0
LF:16
LH:0
BRDA:66,0,0,0
BRDA:66,0,1,0
BRDA:74,1,0,0
BRDA:74,1,1,0
BRF:4
BRH:0
end_of_record
